<?xml version="1.0" encoding="UTF-8"?>
<testsuite xmlns:xsi="http://www.w3.org/2001/XMLSchema-instance" xsi:noNamespaceSchemaLocation="https://maven.apache.org/surefire/maven-surefire-plugin/xsd/surefire-test-report-3.0.xsd" version="3.0" name="org.sudoku.models.GrilleTest" time="0.001" tests="7" errors="5" skipped="0" failures="0">
  <properties>
    <property name="java.specification.version" value="19"/>
    <property name="sun.jnu.encoding" value="UTF-8"/>
    <property name="java.class.path" value="/Users/romaincaron/cours/ingelogiciel/my-sudoku/target/test-classes:/Users/romaincaron/cours/ingelogiciel/my-sudoku/target/classes:/Users/romaincaron/.m2/repository/junit/junit/4.11/junit-4.11.jar:/Users/romaincaron/.m2/repository/org/hamcrest/hamcrest-core/1.3/hamcrest-core-1.3.jar:"/>
    <property name="java.vm.vendor" value="Oracle Corporation"/>
    <property name="sun.arch.data.model" value="64"/>
    <property name="java.vendor.url" value="https://java.oracle.com/"/>
    <property name="os.name" value="Mac OS X"/>
    <property name="java.vm.specification.version" value="19"/>
    <property name="sun.java.launcher" value="SUN_STANDARD"/>
    <property name="user.country" value="FR"/>
    <property name="sun.boot.library.path" value="/Library/Java/JavaVirtualMachines/jdk-19.jdk/Contents/Home/lib"/>
    <property name="sun.java.command" value="/Users/romaincaron/cours/ingelogiciel/my-sudoku/target/surefire/surefirebooter8132675789925020950.jar /Users/romaincaron/cours/ingelogiciel/my-sudoku/target/surefire 2023-06-12T17-52-49_977-jvmRun1 surefire11884003262768336130tmp surefire_05229968175882082573tmp"/>
    <property name="http.nonProxyHosts" value="local|*.local|169.254/16|*.169.254/16"/>
    <property name="jdk.debug" value="release"/>
    <property name="surefire.test.class.path" value="/Users/romaincaron/cours/ingelogiciel/my-sudoku/target/test-classes:/Users/romaincaron/cours/ingelogiciel/my-sudoku/target/classes:/Users/romaincaron/.m2/repository/junit/junit/4.11/junit-4.11.jar:/Users/romaincaron/.m2/repository/org/hamcrest/hamcrest-core/1.3/hamcrest-core-1.3.jar:"/>
    <property name="sun.cpu.endian" value="little"/>
    <property name="user.home" value="/Users/romaincaron"/>
    <property name="user.language" value="fr"/>
    <property name="java.specification.vendor" value="Oracle Corporation"/>
    <property name="java.version.date" value="2023-01-17"/>
    <property name="java.home" value="/Library/Java/JavaVirtualMachines/jdk-19.jdk/Contents/Home"/>
    <property name="file.separator" value="/"/>
    <property name="basedir" value="/Users/romaincaron/cours/ingelogiciel/my-sudoku"/>
    <property name="java.vm.compressedOopsMode" value="Zero based"/>
    <property name="line.separator" value="&#10;"/>
    <property name="java.vm.specification.vendor" value="Oracle Corporation"/>
    <property name="java.specification.name" value="Java Platform API Specification"/>
    <property name="apple.awt.application.name" value="ForkedBooter"/>
    <property name="surefire.real.class.path" value="/Users/romaincaron/cours/ingelogiciel/my-sudoku/target/surefire/surefirebooter8132675789925020950.jar"/>
    <property name="sun.management.compiler" value="HotSpot 64-Bit Tiered Compilers"/>
    <property name="ftp.nonProxyHosts" value="local|*.local|169.254/16|*.169.254/16"/>
    <property name="java.runtime.version" value="19.0.2+7-44"/>
    <property name="user.name" value="romaincaron"/>
    <property name="stdout.encoding" value="UTF-8"/>
    <property name="path.separator" value=":"/>
    <property name="os.version" value="13.2.1"/>
    <property name="java.runtime.name" value="Java(TM) SE Runtime Environment"/>
    <property name="file.encoding" value="UTF-8"/>
    <property name="java.vm.name" value="Java HotSpot(TM) 64-Bit Server VM"/>
    <property name="localRepository" value="/Users/romaincaron/.m2/repository"/>
    <property name="java.vendor.url.bug" value="https://bugreport.java.com/bugreport/"/>
    <property name="java.io.tmpdir" value="/var/folders/rf/t9mjk4hx6b9034tm73lg0vxc0000gn/T/"/>
    <property name="java.version" value="19.0.2"/>
    <property name="user.dir" value="/Users/romaincaron/cours/ingelogiciel/my-sudoku"/>
    <property name="os.arch" value="aarch64"/>
    <property name="java.vm.specification.name" value="Java Virtual Machine Specification"/>
    <property name="native.encoding" value="UTF-8"/>
    <property name="java.library.path" value="/Users/romaincaron/Library/Java/Extensions:/Library/Java/Extensions:/Network/Library/Java/Extensions:/System/Library/Java/Extensions:/usr/lib/java:."/>
    <property name="java.vm.info" value="mixed mode, sharing"/>
    <property name="stderr.encoding" value="UTF-8"/>
    <property name="java.vendor" value="Oracle Corporation"/>
    <property name="java.vm.version" value="19.0.2+7-44"/>
    <property name="sun.io.unicode.encoding" value="UnicodeBig"/>
    <property name="socksNonProxyHosts" value="local|*.local|169.254/16|*.169.254/16"/>
    <property name="java.class.version" value="63.0"/>
  </properties>
  <testcase name="testGetValue" classname="org.sudoku.models.GrilleTest" time="0">
    <error message="Cannot invoke &quot;org.sudoku.models.ElementDeGrille.isInitialValue()&quot; because the return value of &quot;org.sudoku.models.GrilleImpl.getValue(int, int)&quot; is null" type="java.lang.NullPointerException">java.lang.NullPointerException: Cannot invoke "org.sudoku.models.ElementDeGrille.isInitialValue()" because the return value of "org.sudoku.models.GrilleImpl.getValue(int, int)" is null
	at org.sudoku.models.GrilleTest.testGetValue(GrilleTest.java:28)
</error>
    <system-out><![CDATA[AAAAA
9
]]></system-out>
  </testcase>
  <testcase name="testSetValueOutOfBounds" classname="org.sudoku.models.GrilleTest" time="0"/>
  <testcase name="testSetValueInvalidElement" classname="org.sudoku.models.GrilleTest" time="0">
    <error message="Unexpected exception, expected&lt;org.sudoku.exceptions.ElementInterditException&gt; but was&lt;java.lang.Error&gt;" type="java.lang.Exception"><![CDATA[java.lang.Exception: Unexpected exception, expected<org.sudoku.exceptions.ElementInterditException> but was<java.lang.Error>
	at org.sudoku.models.GrilleTest.testSetValueInvalidElement(GrilleTest.java:68)
]]></error>
  </testcase>
  <testcase name="testSetValueInvalidValue" classname="org.sudoku.models.GrilleTest" time="0">
    <error message="Unexpected exception, expected&lt;org.sudoku.exceptions.ValeurImpossibleException&gt; but was&lt;java.lang.NullPointerException&gt;" type="java.lang.Exception"><![CDATA[java.lang.Exception: Unexpected exception, expected<org.sudoku.exceptions.ValeurImpossibleException> but was<java.lang.NullPointerException>
	at org.sudoku.models.GrilleTest.testSetValueInvalidValue(GrilleTest.java:60)
]]></error>
  </testcase>
  <testcase name="testGetSize" classname="org.sudoku.models.GrilleTest" time="0"/>
  <testcase name="testSetValueInitialValueModification" classname="org.sudoku.models.GrilleTest" time="0">
    <error message="Unexpected exception, expected&lt;org.sudoku.exceptions.ValeurInitialeModificationException&gt; but was&lt;java.lang.NullPointerException&gt;" type="java.lang.Exception"><![CDATA[java.lang.Exception: Unexpected exception, expected<org.sudoku.exceptions.ValeurInitialeModificationException> but was<java.lang.NullPointerException>
	at org.sudoku.models.GrilleTest.testSetValueInitialValueModification(GrilleTest.java:80)
]]></error>
  </testcase>
  <testcase name="testSetValue" classname="org.sudoku.models.GrilleTest" time="0">
    <error message="Cannot invoke &quot;org.sudoku.models.ElementDeGrille.isInitialValue()&quot; because the return value of &quot;org.sudoku.models.GrilleImpl.getValue(int, int)&quot; is null" type="java.lang.NullPointerException">java.lang.NullPointerException: Cannot invoke "org.sudoku.models.ElementDeGrille.isInitialValue()" because the return value of "org.sudoku.models.GrilleImpl.getValue(int, int)" is null
	at org.sudoku.models.GrilleTest.testSetValue(GrilleTest.java:41)
</error>
  </testcase>
</testsuite>